Info: not exist /proc/version!
Info: MKFS version
  "4.14.117-perf+ #56 SMP PREEMPT Mon Sep 15 16:28:19 CST 2025"
Info: FSCK version
  from "24.5.0"
    to "24.5.0"
Info: superblock features = 481 :  encrypt verity quota_ino
Info: superblock encrypt level = 0, salt = 00000000000000000000000000000000
Info: Segments per section = 1
Info: Sections per zone = 1
Info: total FS sectors = 35905208 (17531 MB)
Info: CKPT version = 33f6caba
[print_node_info: 354] Node ID [0x6c:108] is inode
i_mode                        		[0x    81a4 : 33188]
i_advise                      		[0x       0 : 0]
i_uid                         		[0x       0 : 0]
i_gid                         		[0x       0 : 0]
i_links                       		[0x       1 : 1]
i_size                        		[0x  1d9881 : 1939585]
i_blocks                      		[0x     1db : 475]
i_atime                       		[0x68f5c9ca : 1760938442]
i_atime_nsec                  		[0x       0 : 0]
i_ctime                       		[0x68f5c9ca : 1760938442]
i_ctime_nsec                  		[0x       0 : 0]
i_mtime                       		[0x68f5c9ca : 1760938442]
i_mtime_nsec                  		[0x       0 : 0]
i_generation                  		[0x       0 : 0]
i_current_depth               		[0x       0 : 0]
i_xattr_nid                   		[0x       0 : 0]
i_flags                       		[0x       0 : 0]
i_inline                      		[0x       1 : 1]
i_pino                        		[0x       3 : 3]
i_dir_level                   		[0x       0 : 0]
i_namelen                     		[0x      16 : 22]
i_name                        		[Gerrit User Guides.pdf]
i_ext: fofs:0 blkaddr:a200 len:1da
i_addr[0x0]                 		[0x    a200 : 41472]
i_addr[0x1]                 		[0x    a201 : 41473]
i_addr[0x2]                 		[0x    a202 : 41474]
i_addr[0x3]                 		[0x    a203 : 41475]
i_addr[0x4]                 		[0x    a204 : 41476]
i_addr[0x5]                 		[0x    a205 : 41477]
i_addr[0x6]                 		[0x    a206 : 41478]
i_addr[0x7]                 		[0x    a207 : 41479]
i_addr[0x8]                 		[0x    a208 : 41480]
i_addr[0x9]                 		[0x    a209 : 41481]
i_addr[0xa]                 		[0x    a20a : 41482]
i_addr[0xb]                 		[0x    a20b : 41483]
i_addr[0xc]                 		[0x    a20c : 41484]
i_addr[0xd]                 		[0x    a20d : 41485]
i_addr[0xe]                 		[0x    a20e : 41486]
i_addr[0xf]                 		[0x    a20f : 41487]
i_addr[0x10]                 		[0x    a210 : 41488]
i_addr[0x11]                 		[0x    a211 : 41489]
i_addr[0x12]                 		[0x    a212 : 41490]
i_addr[0x13]                 		[0x    a213 : 41491]
i_addr[0x14]                 		[0x    a214 : 41492]
i_addr[0x15]                 		[0x    a215 : 41493]
i_addr[0x16]                 		[0x    a216 : 41494]
i_addr[0x17]                 		[0x    a217 : 41495]
i_addr[0x18]                 		[0x    a218 : 41496]
i_addr[0x19]                 		[0x    a219 : 41497]
i_addr[0x1a]                 		[0x    a21a : 41498]
i_addr[0x1b]                 		[0x    a21b : 41499]
i_addr[0x1c]                 		[0x    a21c : 41500]
i_addr[0x1d]                 		[0x    a21d : 41501]
i_addr[0x1e]                 		[0x    a21e : 41502]
i_addr[0x1f]                 		[0x    a21f : 41503]
i_addr[0x20]                 		[0x    a220 : 41504]
i_addr[0x21]                 		[0x    a221 : 41505]
i_addr[0x22]                 		[0x    a222 : 41506]
i_addr[0x23]                 		[0x    a223 : 41507]
i_addr[0x24]                 		[0x    a224 : 41508]
i_addr[0x25]                 		[0x    a225 : 41509]
i_addr[0x26]                 		[0x    a226 : 41510]
i_addr[0x27]                 		[0x    a227 : 41511]
i_addr[0x28]                 		[0x    a228 : 41512]
i_addr[0x29]                 		[0x    a229 : 41513]
i_addr[0x2a]                 		[0x    a22a : 41514]
i_addr[0x2b]                 		[0x    a22b : 41515]
i_addr[0x2c]                 		[0x    a22c : 41516]
i_addr[0x2d]                 		[0x    a22d : 41517]
i_addr[0x2e]                 		[0x    a22e : 41518]
i_addr[0x2f]                 		[0x    a22f : 41519]
i_addr[0x30]                 		[0x    a230 : 41520]
i_addr[0x31]                 		[0x    a231 : 41521]
i_addr[0x32]                 		[0x    a232 : 41522]
i_addr[0x33]                 		[0x    a233 : 41523]
i_addr[0x34]                 		[0x    a234 : 41524]
i_addr[0x35]                 		[0x    a235 : 41525]
i_addr[0x36]                 		[0x    a236 : 41526]
i_addr[0x37]                 		[0x    a237 : 41527]
i_addr[0x38]                 		[0x    a238 : 41528]
i_addr[0x39]                 		[0x    a239 : 41529]
i_addr[0x3a]                 		[0x    a23a : 41530]
i_addr[0x3b]                 		[0x    a23b : 41531]
i_addr[0x3c]                 		[0x    a23c : 41532]
i_addr[0x3d]                 		[0x    a23d : 41533]
i_addr[0x3e]                 		[0x    a23e : 41534]
i_addr[0x3f]                 		[0x    a23f : 41535]
i_addr[0x40]                 		[0x    a240 : 41536]
i_addr[0x41]                 		[0x    a241 : 41537]
i_addr[0x42]                 		[0x    a242 : 41538]
i_addr[0x43]                 		[0x    a243 : 41539]
i_addr[0x44]                 		[0x    a244 : 41540]
i_addr[0x45]                 		[0x    a245 : 41541]
i_addr[0x46]                 		[0x    a246 : 41542]
i_addr[0x47]                 		[0x    a247 : 41543]
i_addr[0x48]                 		[0x    a248 : 41544]
i_addr[0x49]                 		[0x    a249 : 41545]
i_addr[0x4a]                 		[0x    a24a : 41546]
i_addr[0x4b]                 		[0x    a24b : 41547]
i_addr[0x4c]                 		[0x    a24c : 41548]
i_addr[0x4d]                 		[0x    a24d : 41549]
i_addr[0x4e]                 		[0x    a24e : 41550]
i_addr[0x4f]                 		[0x    a24f : 41551]
i_addr[0x50]                 		[0x    a250 : 41552]
i_addr[0x51]                 		[0x    a251 : 41553]
i_addr[0x52]                 		[0x    a252 : 41554]
i_addr[0x53]                 		[0x    a253 : 41555]
i_addr[0x54]                 		[0x    a254 : 41556]
i_addr[0x55]                 		[0x    a255 : 41557]
i_addr[0x56]                 		[0x    a256 : 41558]
i_addr[0x57]                 		[0x    a257 : 41559]
i_addr[0x58]                 		[0x    a258 : 41560]
i_addr[0x59]                 		[0x    a259 : 41561]
i_addr[0x5a]                 		[0x    a25a : 41562]
i_addr[0x5b]                 		[0x    a25b : 41563]
i_addr[0x5c]                 		[0x    a25c : 41564]
i_addr[0x5d]                 		[0x    a25d : 41565]
i_addr[0x5e]                 		[0x    a25e : 41566]
i_addr[0x5f]                 		[0x    a25f : 41567]
i_addr[0x60]                 		[0x    a260 : 41568]
i_addr[0x61]                 		[0x    a261 : 41569]
i_addr[0x62]                 		[0x    a262 : 41570]
i_addr[0x63]                 		[0x    a263 : 41571]
i_addr[0x64]                 		[0x    a264 : 41572]
i_addr[0x65]                 		[0x    a265 : 41573]
i_addr[0x66]                 		[0x    a266 : 41574]
i_addr[0x67]                 		[0x    a267 : 41575]
i_addr[0x68]                 		[0x    a268 : 41576]
i_addr[0x69]                 		[0x    a269 : 41577]
i_addr[0x6a]                 		[0x    a26a : 41578]
i_addr[0x6b]                 		[0x    a26b : 41579]
i_addr[0x6c]                 		[0x    a26c : 41580]
i_addr[0x6d]                 		[0x    a26d : 41581]
i_addr[0x6e]                 		[0x    a26e : 41582]
i_addr[0x6f]                 		[0x    a26f : 41583]
i_addr[0x70]                 		[0x    a270 : 41584]
i_addr[0x71]                 		[0x    a271 : 41585]
i_addr[0x72]                 		[0x    a272 : 41586]
i_addr[0x73]                 		[0x    a273 : 41587]
i_addr[0x74]                 		[0x    a274 : 41588]
i_addr[0x75]                 		[0x    a275 : 41589]
i_addr[0x76]                 		[0x    a276 : 41590]
i_addr[0x77]                 		[0x    a277 : 41591]
i_addr[0x78]                 		[0x    a278 : 41592]
i_addr[0x79]                 		[0x    a279 : 41593]
i_addr[0x7a]                 		[0x    a27a : 41594]
i_addr[0x7b]                 		[0x    a27b : 41595]
i_addr[0x7c]                 		[0x    a27c : 41596]
i_addr[0x7d]                 		[0x    a27d : 41597]
i_addr[0x7e]                 		[0x    a27e : 41598]
i_addr[0x7f]                 		[0x    a27f : 41599]
i_addr[0x80]                 		[0x    a280 : 41600]
i_addr[0x81]                 		[0x    a281 : 41601]
i_addr[0x82]                 		[0x    a282 : 41602]
i_addr[0x83]                 		[0x    a283 : 41603]
i_addr[0x84]                 		[0x    a284 : 41604]
i_addr[0x85]                 		[0x    a285 : 41605]
i_addr[0x86]                 		[0x    a286 : 41606]
i_addr[0x87]                 		[0x    a287 : 41607]
i_addr[0x88]                 		[0x    a288 : 41608]
i_addr[0x89]                 		[0x    a289 : 41609]
i_addr[0x8a]                 		[0x    a28a : 41610]
i_addr[0x8b]                 		[0x    a28b : 41611]
i_addr[0x8c]                 		[0x    a28c : 41612]
i_addr[0x8d]                 		[0x    a28d : 41613]
i_addr[0x8e]                 		[0x    a28e : 41614]
i_addr[0x8f]                 		[0x    a28f : 41615]
i_addr[0x90]                 		[0x    a290 : 41616]
i_addr[0x91]                 		[0x    a291 : 41617]
i_addr[0x92]                 		[0x    a292 : 41618]
i_addr[0x93]                 		[0x    a293 : 41619]
i_addr[0x94]                 		[0x    a294 : 41620]
i_addr[0x95]                 		[0x    a295 : 41621]
i_addr[0x96]                 		[0x    a296 : 41622]
i_addr[0x97]                 		[0x    a297 : 41623]
i_addr[0x98]                 		[0x    a298 : 41624]
i_addr[0x99]                 		[0x    a299 : 41625]
i_addr[0x9a]                 		[0x    a29a : 41626]
i_addr[0x9b]                 		[0x    a29b : 41627]
i_addr[0x9c]                 		[0x    a29c : 41628]
i_addr[0x9d]                 		[0x    a29d : 41629]
i_addr[0x9e]                 		[0x    a29e : 41630]
i_addr[0x9f]                 		[0x    a29f : 41631]
i_addr[0xa0]                 		[0x    a2a0 : 41632]
i_addr[0xa1]                 		[0x    a2a1 : 41633]
i_addr[0xa2]                 		[0x    a2a2 : 41634]
i_addr[0xa3]                 		[0x    a2a3 : 41635]
i_addr[0xa4]                 		[0x    a2a4 : 41636]
i_addr[0xa5]                 		[0x    a2a5 : 41637]
i_addr[0xa6]                 		[0x    a2a6 : 41638]
i_addr[0xa7]                 		[0x    a2a7 : 41639]
i_addr[0xa8]                 		[0x    a2a8 : 41640]
i_addr[0xa9]                 		[0x    a2a9 : 41641]
i_addr[0xaa]                 		[0x    a2aa : 41642]
i_addr[0xab]                 		[0x    a2ab : 41643]
i_addr[0xac]                 		[0x    a2ac : 41644]
i_addr[0xad]                 		[0x    a2ad : 41645]
i_addr[0xae]                 		[0x    a2ae : 41646]
i_addr[0xaf]                 		[0x    a2af : 41647]
i_addr[0xb0]                 		[0x    a2b0 : 41648]
i_addr[0xb1]                 		[0x    a2b1 : 41649]
i_addr[0xb2]                 		[0x    a2b2 : 41650]
i_addr[0xb3]                 		[0x    a2b3 : 41651]
i_addr[0xb4]                 		[0x    a2b4 : 41652]
i_addr[0xb5]                 		[0x    a2b5 : 41653]
i_addr[0xb6]                 		[0x    a2b6 : 41654]
i_addr[0xb7]                 		[0x    a2b7 : 41655]
i_addr[0xb8]                 		[0x    a2b8 : 41656]
i_addr[0xb9]                 		[0x    a2b9 : 41657]
i_addr[0xba]                 		[0x    a2ba : 41658]
i_addr[0xbb]                 		[0x    a2bb : 41659]
i_addr[0xbc]                 		[0x    a2bc : 41660]
i_addr[0xbd]                 		[0x    a2bd : 41661]
i_addr[0xbe]                 		[0x    a2be : 41662]
i_addr[0xbf]                 		[0x    a2bf : 41663]
i_addr[0xc0]                 		[0x    a2c0 : 41664]
i_addr[0xc1]                 		[0x    a2c1 : 41665]
i_addr[0xc2]                 		[0x    a2c2 : 41666]
i_addr[0xc3]                 		[0x    a2c3 : 41667]
i_addr[0xc4]                 		[0x    a2c4 : 41668]
i_addr[0xc5]                 		[0x    a2c5 : 41669]
i_addr[0xc6]                 		[0x    a2c6 : 41670]
i_addr[0xc7]                 		[0x    a2c7 : 41671]
i_addr[0xc8]                 		[0x    a2c8 : 41672]
i_addr[0xc9]                 		[0x    a2c9 : 41673]
i_addr[0xca]                 		[0x    a2ca : 41674]
i_addr[0xcb]                 		[0x    a2cb : 41675]
i_addr[0xcc]                 		[0x    a2cc : 41676]
i_addr[0xcd]                 		[0x    a2cd : 41677]
i_addr[0xce]                 		[0x    a2ce : 41678]
i_addr[0xcf]                 		[0x    a2cf : 41679]
i_addr[0xd0]                 		[0x    a2d0 : 41680]
i_addr[0xd1]                 		[0x    a2d1 : 41681]
i_addr[0xd2]                 		[0x    a2d2 : 41682]
i_addr[0xd3]                 		[0x    a2d3 : 41683]
i_addr[0xd4]                 		[0x    a2d4 : 41684]
i_addr[0xd5]                 		[0x    a2d5 : 41685]
i_addr[0xd6]                 		[0x    a2d6 : 41686]
i_addr[0xd7]                 		[0x    a2d7 : 41687]
i_addr[0xd8]                 		[0x    a2d8 : 41688]
i_addr[0xd9]                 		[0x    a2d9 : 41689]
i_addr[0xda]                 		[0x    a2da : 41690]
i_addr[0xdb]                 		[0x    a2db : 41691]
i_addr[0xdc]                 		[0x    a2dc : 41692]
i_addr[0xdd]                 		[0x    a2dd : 41693]
i_addr[0xde]                 		[0x    a2de : 41694]
i_addr[0xdf]                 		[0x    a2df : 41695]
i_addr[0xe0]                 		[0x    a2e0 : 41696]
i_addr[0xe1]                 		[0x    a2e1 : 41697]
i_addr[0xe2]                 		[0x    a2e2 : 41698]
i_addr[0xe3]                 		[0x    a2e3 : 41699]
i_addr[0xe4]                 		[0x    a2e4 : 41700]
i_addr[0xe5]                 		[0x    a2e5 : 41701]
i_addr[0xe6]                 		[0x    a2e6 : 41702]
i_addr[0xe7]                 		[0x    a2e7 : 41703]
i_addr[0xe8]                 		[0x    a2e8 : 41704]
i_addr[0xe9]                 		[0x    a2e9 : 41705]
i_addr[0xea]                 		[0x    a2ea : 41706]
i_addr[0xeb]                 		[0x    a2eb : 41707]
i_addr[0xec]                 		[0x    a2ec : 41708]
i_addr[0xed]                 		[0x    a2ed : 41709]
i_addr[0xee]                 		[0x    a2ee : 41710]
i_addr[0xef]                 		[0x    a2ef : 41711]
i_addr[0xf0]                 		[0x    a2f0 : 41712]
i_addr[0xf1]                 		[0x    a2f1 : 41713]
i_addr[0xf2]                 		[0x    a2f2 : 41714]
i_addr[0xf3]                 		[0x    a2f3 : 41715]
i_addr[0xf4]                 		[0x    a2f4 : 41716]
i_addr[0xf5]                 		[0x    a2f5 : 41717]
i_addr[0xf6]                 		[0x    a2f6 : 41718]
i_addr[0xf7]                 		[0x    a2f7 : 41719]
i_addr[0xf8]                 		[0x    a2f8 : 41720]
i_addr[0xf9]                 		[0x    a2f9 : 41721]
i_addr[0xfa]                 		[0x    a2fa : 41722]
i_addr[0xfb]                 		[0x    a2fb : 41723]
i_addr[0xfc]                 		[0x    a2fc : 41724]
i_addr[0xfd]                 		[0x    a2fd : 41725]
i_addr[0xfe]                 		[0x    a2fe : 41726]
i_addr[0xff]                 		[0x    a2ff : 41727]
i_addr[0x100]                 		[0x    a300 : 41728]
i_addr[0x101]                 		[0x    a301 : 41729]
i_addr[0x102]                 		[0x    a302 : 41730]
i_addr[0x103]                 		[0x    a303 : 41731]
i_addr[0x104]                 		[0x    a304 : 41732]
i_addr[0x105]                 		[0x    a305 : 41733]
i_addr[0x106]                 		[0x    a306 : 41734]
i_addr[0x107]                 		[0x    a307 : 41735]
i_addr[0x108]                 		[0x    a308 : 41736]
i_addr[0x109]                 		[0x    a309 : 41737]
i_addr[0x10a]                 		[0x    a30a : 41738]
i_addr[0x10b]                 		[0x    a30b : 41739]
i_addr[0x10c]                 		[0x    a30c : 41740]
i_addr[0x10d]                 		[0x    a30d : 41741]
i_addr[0x10e]                 		[0x    a30e : 41742]
i_addr[0x10f]                 		[0x    a30f : 41743]
i_addr[0x110]                 		[0x    a310 : 41744]
i_addr[0x111]                 		[0x    a311 : 41745]
i_addr[0x112]                 		[0x    a312 : 41746]
i_addr[0x113]                 		[0x    a313 : 41747]
i_addr[0x114]                 		[0x    a314 : 41748]
i_addr[0x115]                 		[0x    a315 : 41749]
i_addr[0x116]                 		[0x    a316 : 41750]
i_addr[0x117]                 		[0x    a317 : 41751]
i_addr[0x118]                 		[0x    a318 : 41752]
i_addr[0x119]                 		[0x    a319 : 41753]
i_addr[0x11a]                 		[0x    a31a : 41754]
i_addr[0x11b]                 		[0x    a31b : 41755]
i_addr[0x11c]                 		[0x    a31c : 41756]
i_addr[0x11d]                 		[0x    a31d : 41757]
i_addr[0x11e]                 		[0x    a31e : 41758]
i_addr[0x11f]                 		[0x    a31f : 41759]
i_addr[0x120]                 		[0x    a320 : 41760]
i_addr[0x121]                 		[0x    a321 : 41761]
i_addr[0x122]                 		[0x    a322 : 41762]
i_addr[0x123]                 		[0x    a323 : 41763]
i_addr[0x124]                 		[0x    a324 : 41764]
i_addr[0x125]                 		[0x    a325 : 41765]
i_addr[0x126]                 		[0x    a326 : 41766]
i_addr[0x127]                 		[0x    a327 : 41767]
i_addr[0x128]                 		[0x    a328 : 41768]
i_addr[0x129]                 		[0x    a329 : 41769]
i_addr[0x12a]                 		[0x    a32a : 41770]
i_addr[0x12b]                 		[0x    a32b : 41771]
i_addr[0x12c]                 		[0x    a32c : 41772]
i_addr[0x12d]                 		[0x    a32d : 41773]
i_addr[0x12e]                 		[0x    a32e : 41774]
i_addr[0x12f]                 		[0x    a32f : 41775]
i_addr[0x130]                 		[0x    a330 : 41776]
i_addr[0x131]                 		[0x    a331 : 41777]
i_addr[0x132]                 		[0x    a332 : 41778]
i_addr[0x133]                 		[0x    a333 : 41779]
i_addr[0x134]                 		[0x    a334 : 41780]
i_addr[0x135]                 		[0x    a335 : 41781]
i_addr[0x136]                 		[0x    a336 : 41782]
i_addr[0x137]                 		[0x    a337 : 41783]
i_addr[0x138]                 		[0x    a338 : 41784]
i_addr[0x139]                 		[0x    a339 : 41785]
i_addr[0x13a]                 		[0x    a33a : 41786]
i_addr[0x13b]                 		[0x    a33b : 41787]
i_addr[0x13c]                 		[0x    a33c : 41788]
i_addr[0x13d]                 		[0x    a33d : 41789]
i_addr[0x13e]                 		[0x    a33e : 41790]
i_addr[0x13f]                 		[0x    a33f : 41791]
i_addr[0x140]                 		[0x    a340 : 41792]
i_addr[0x141]                 		[0x    a341 : 41793]
i_addr[0x142]                 		[0x    a342 : 41794]
i_addr[0x143]                 		[0x    a343 : 41795]
i_addr[0x144]                 		[0x    a344 : 41796]
i_addr[0x145]                 		[0x    a345 : 41797]
i_addr[0x146]                 		[0x    a346 : 41798]
i_addr[0x147]                 		[0x    a347 : 41799]
i_addr[0x148]                 		[0x    a348 : 41800]
i_addr[0x149]                 		[0x    a349 : 41801]
i_addr[0x14a]                 		[0x    a34a : 41802]
i_addr[0x14b]                 		[0x    a34b : 41803]
i_addr[0x14c]                 		[0x    a34c : 41804]
i_addr[0x14d]                 		[0x    a34d : 41805]
i_addr[0x14e]                 		[0x    a34e : 41806]
i_addr[0x14f]                 		[0x    a34f : 41807]
i_addr[0x150]                 		[0x    a350 : 41808]
i_addr[0x151]                 		[0x    a351 : 41809]
i_addr[0x152]                 		[0x    a352 : 41810]
i_addr[0x153]                 		[0x    a353 : 41811]
i_addr[0x154]                 		[0x    a354 : 41812]
i_addr[0x155]                 		[0x    a355 : 41813]
i_addr[0x156]                 		[0x    a356 : 41814]
i_addr[0x157]                 		[0x    a357 : 41815]
i_addr[0x158]                 		[0x    a358 : 41816]
i_addr[0x159]                 		[0x    a359 : 41817]
i_addr[0x15a]                 		[0x    a35a : 41818]
i_addr[0x15b]                 		[0x    a35b : 41819]
i_addr[0x15c]                 		[0x    a35c : 41820]
i_addr[0x15d]                 		[0x    a35d : 41821]
i_addr[0x15e]                 		[0x    a35e : 41822]
i_addr[0x15f]                 		[0x    a35f : 41823]
i_addr[0x160]                 		[0x    a360 : 41824]
i_addr[0x161]                 		[0x    a361 : 41825]
i_addr[0x162]                 		[0x    a362 : 41826]
i_addr[0x163]                 		[0x    a363 : 41827]
i_addr[0x164]                 		[0x    a364 : 41828]
i_addr[0x165]                 		[0x    a365 : 41829]
i_addr[0x166]                 		[0x    a366 : 41830]
i_addr[0x167]                 		[0x    a367 : 41831]
i_addr[0x168]                 		[0x    a368 : 41832]
i_addr[0x169]                 		[0x    a369 : 41833]
i_addr[0x16a]                 		[0x    a36a : 41834]
i_addr[0x16b]                 		[0x    a36b : 41835]
i_addr[0x16c]                 		[0x    a36c : 41836]
i_addr[0x16d]                 		[0x    a36d : 41837]
i_addr[0x16e]                 		[0x    a36e : 41838]
i_addr[0x16f]                 		[0x    a36f : 41839]
i_addr[0x170]                 		[0x    a370 : 41840]
i_addr[0x171]                 		[0x    a371 : 41841]
i_addr[0x172]                 		[0x    a372 : 41842]
i_addr[0x173]                 		[0x    a373 : 41843]
i_addr[0x174]                 		[0x    a374 : 41844]
i_addr[0x175]                 		[0x    a375 : 41845]
i_addr[0x176]                 		[0x    a376 : 41846]
i_addr[0x177]                 		[0x    a377 : 41847]
i_addr[0x178]                 		[0x    a378 : 41848]
i_addr[0x179]                 		[0x    a379 : 41849]
i_addr[0x17a]                 		[0x    a37a : 41850]
i_addr[0x17b]                 		[0x    a37b : 41851]
i_addr[0x17c]                 		[0x    a37c : 41852]
i_addr[0x17d]                 		[0x    a37d : 41853]
i_addr[0x17e]                 		[0x    a37e : 41854]
i_addr[0x17f]                 		[0x    a37f : 41855]
i_addr[0x180]                 		[0x    a380 : 41856]
i_addr[0x181]                 		[0x    a381 : 41857]
i_addr[0x182]                 		[0x    a382 : 41858]
i_addr[0x183]                 		[0x    a383 : 41859]
i_addr[0x184]                 		[0x    a384 : 41860]
i_addr[0x185]                 		[0x    a385 : 41861]
i_addr[0x186]                 		[0x    a386 : 41862]
i_addr[0x187]                 		[0x    a387 : 41863]
i_addr[0x188]                 		[0x    a388 : 41864]
i_addr[0x189]                 		[0x    a389 : 41865]
i_addr[0x18a]                 		[0x    a38a : 41866]
i_addr[0x18b]                 		[0x    a38b : 41867]
i_addr[0x18c]                 		[0x    a38c : 41868]
i_addr[0x18d]                 		[0x    a38d : 41869]
i_addr[0x18e]                 		[0x    a38e : 41870]
i_addr[0x18f]                 		[0x    a38f : 41871]
i_addr[0x190]                 		[0x    a390 : 41872]
i_addr[0x191]                 		[0x    a391 : 41873]
i_addr[0x192]                 		[0x    a392 : 41874]
i_addr[0x193]                 		[0x    a393 : 41875]
i_addr[0x194]                 		[0x    a394 : 41876]
i_addr[0x195]                 		[0x    a395 : 41877]
i_addr[0x196]                 		[0x    a396 : 41878]
i_addr[0x197]                 		[0x    a397 : 41879]
i_addr[0x198]                 		[0x    a398 : 41880]
i_addr[0x199]                 		[0x    a399 : 41881]
i_addr[0x19a]                 		[0x    a39a : 41882]
i_addr[0x19b]                 		[0x    a39b : 41883]
i_addr[0x19c]                 		[0x    a39c : 41884]
i_addr[0x19d]                 		[0x    a39d : 41885]
i_addr[0x19e]                 		[0x    a39e : 41886]
i_addr[0x19f]                 		[0x    a39f : 41887]
i_addr[0x1a0]                 		[0x    a3a0 : 41888]
i_addr[0x1a1]                 		[0x    a3a1 : 41889]
i_addr[0x1a2]                 		[0x    a3a2 : 41890]
i_addr[0x1a3]                 		[0x    a3a3 : 41891]
i_addr[0x1a4]                 		[0x    a3a4 : 41892]
i_addr[0x1a5]                 		[0x    a3a5 : 41893]
i_addr[0x1a6]                 		[0x    a3a6 : 41894]
i_addr[0x1a7]                 		[0x    a3a7 : 41895]
i_addr[0x1a8]                 		[0x    a3a8 : 41896]
i_addr[0x1a9]                 		[0x    a3a9 : 41897]
i_addr[0x1aa]                 		[0x    a3aa : 41898]
i_addr[0x1ab]                 		[0x    a3ab : 41899]
i_addr[0x1ac]                 		[0x    a3ac : 41900]
i_addr[0x1ad]                 		[0x    a3ad : 41901]
i_addr[0x1ae]                 		[0x    a3ae : 41902]
i_addr[0x1af]                 		[0x    a3af : 41903]
i_addr[0x1b0]                 		[0x    a3b0 : 41904]
i_addr[0x1b1]                 		[0x    a3b1 : 41905]
i_addr[0x1b2]                 		[0x    a3b2 : 41906]
i_addr[0x1b3]                 		[0x    a3b3 : 41907]
i_addr[0x1b4]                 		[0x    a3b4 : 41908]
i_addr[0x1b5]                 		[0x    a3b5 : 41909]
i_addr[0x1b6]                 		[0x    a3b6 : 41910]
i_addr[0x1b7]                 		[0x    a3b7 : 41911]
i_addr[0x1b8]                 		[0x    a3b8 : 41912]
i_addr[0x1b9]                 		[0x    a3b9 : 41913]
i_addr[0x1ba]                 		[0x    a3ba : 41914]
i_addr[0x1bb]                 		[0x    a3bb : 41915]
i_addr[0x1bc]                 		[0x    a3bc : 41916]
i_addr[0x1bd]                 		[0x    a3bd : 41917]
i_addr[0x1be]                 		[0x    a3be : 41918]
i_addr[0x1bf]                 		[0x    a3bf : 41919]
i_addr[0x1c0]                 		[0x    a3c0 : 41920]
i_addr[0x1c1]                 		[0x    a3c1 : 41921]
i_addr[0x1c2]                 		[0x    a3c2 : 41922]
i_addr[0x1c3]                 		[0x    a3c3 : 41923]
i_addr[0x1c4]                 		[0x    a3c4 : 41924]
i_addr[0x1c5]                 		[0x    a3c5 : 41925]
i_addr[0x1c6]                 		[0x    a3c6 : 41926]
i_addr[0x1c7]                 		[0x    a3c7 : 41927]
i_addr[0x1c8]                 		[0x    a3c8 : 41928]
i_addr[0x1c9]                 		[0x    a3c9 : 41929]
i_addr[0x1ca]                 		[0x    a3ca : 41930]
i_addr[0x1cb]                 		[0x    a3cb : 41931]
i_addr[0x1cc]                 		[0x    a3cc : 41932]
i_addr[0x1cd]                 		[0x    a3cd : 41933]
i_addr[0x1ce]                 		[0x    a3ce : 41934]
i_addr[0x1cf]                 		[0x    a3cf : 41935]
i_addr[0x1d0]                 		[0x    a3d0 : 41936]
i_addr[0x1d1]                 		[0x    a3d1 : 41937]
i_addr[0x1d2]                 		[0x    a3d2 : 41938]
i_addr[0x1d3]                 		[0x    a3d3 : 41939]
i_addr[0x1d4]                 		[0x    a3d4 : 41940]
i_addr[0x1d5]                 		[0x    a3d5 : 41941]
i_addr[0x1d6]                 		[0x    a3d6 : 41942]
i_addr[0x1d7]                 		[0x    a3d7 : 41943]
i_addr[0x1d8]                 		[0x    a3d8 : 41944]
i_addr[0x1d9]                 		[0x    a3d9 : 41945]
i_nid[0]                      		[0x       0 : 0]
i_nid[1]                      		[0x       0 : 0]
i_nid[2]                      		[0x       0 : 0]
i_nid[3]                      		[0x       0 : 0]
i_nid[4]                      		[0x       0 : 0]

Do you want to dump this file into ./lost_found/? [Y/N] 
Info: checkpoint state = 281 :  allow_nocrc nat_bits unmount

Done: 0.000000 secs
